<?xml version="1.0" encoding="UTF-8"?>
<!-- Generated by org.testng.reporters.JUnitReportReporter -->
<testsuite hostname="LPCAIQ1302" failures="0" tests="1" name="HeroKuAppTest" time="13.278" errors="0" timestamp="2023-06-26T02:11:42 AST" skipped="0">
  <testcase classname="HeroKuAppTest" name="testJSPromptTypeAndAccept" time="13.278"/>
  <system-out/>
</testsuite> <!-- HeroKuAppTest -->
