<?xml version="1.0" encoding="UTF-8"?>
<!-- Generated by org.testng.reporters.JUnitReportReporter -->
<testsuite hostname="LPCAIQ1302" failures="0" tests="1" name="DemoNopAddToCartTest" time="16.380" errors="0" timestamp="2023-06-25T14:58:11 AST" skipped="0">
  <testcase classname="DemoNopAddToCartTest" name="addWindowsEightToCartTest" time="16.380"/>
  <system-out/>
</testsuite> <!-- DemoNopAddToCartTest -->
