<?xml version="1.0" encoding="UTF-8"?>
<!-- Generated by org.testng.reporters.JUnitReportReporter -->
<testsuite hostname="LPCAIQ1302" failures="0" tests="1" name="DemoNopRegisterTest" time="16.138" errors="0" timestamp="2023-07-07T00:42:19 AST" skipped="0">
  <testcase classname="DemoNopRegisterTest" name="test1" time="16.138"/>
</testsuite> <!-- DemoNopRegisterTest -->
